value:	 32		char:	 
value:	 33		char:	!
value:	 34		char:	"
value:	 35		char:	#
value:	 36		char:	$
value:	 37		char:	%
value:	 38		char:	&
value:	 39		char:	'
value:	 40		char:	(
value:	 41		char:	)
value:	 42		char:	*
value:	 43		char:	+
value:	 44		char:	,
value:	 45		char:	-
value:	 46		char:	.
value:	 47		char:	/
value:	 48		char:	0
value:	 49		char:	1
value:	 50		char:	2
value:	 51		char:	3
value:	 52		char:	4
value:	 53		char:	5
value:	 54		char:	6
value:	 55		char:	7
value:	 56		char:	8
value:	 57		char:	9
value:	 58		char:	:
value:	 59		char:	;
value:	 60		char:	<
value:	 61		char:	=
value:	 62		char:	>
value:	 63		char:	?
value:	 64		char:	@
value:	 65		char:	A
value:	 66		char:	B
value:	 67		char:	C
value:	 68		char:	D
value:	 69		char:	E
value:	 70		char:	F
value:	 71		char:	G
value:	 72		char:	H
value:	 73		char:	I
value:	 74		char:	J
value:	 75		char:	K
value:	 76		char:	L
value:	 77		char:	M
value:	 78		char:	N
value:	 79		char:	O
value:	 80		char:	P
value:	 81		char:	Q
value:	 82		char:	R
value:	 83		char:	S
value:	 84		char:	T
value:	 85		char:	U
value:	 86		char:	V
value:	 87		char:	W
value:	 88		char:	X
value:	 89		char:	Y
value:	 90		char:	Z
value:	 91		char:	[
value:	 92		char:	\
value:	 93		char:	]
value:	 94		char:	^
value:	 95		char:	_
value:	 96		char:	`
value:	 97		char:	a
value:	 98		char:	b
value:	 99		char:	c
value:	100		char:	d
value:	101		char:	e
value:	102		char:	f
value:	103		char:	g
value:	104		char:	h
value:	105		char:	i
value:	106		char:	j
value:	107		char:	k
value:	108		char:	l
value:	109		char:	m
value:	110		char:	n
value:	111		char:	o
value:	112		char:	p
value:	113		char:	q
value:	114		char:	r
value:	115		char:	s
value:	116		char:	t
value:	117		char:	u
value:	118		char:	v
value:	119		char:	w
value:	120		char:	x
value:	121		char:	y
value:	122		char:	z
value:	123		char:	{
value:	124		char:	|
value:	125		char:	}
value:	126		char:	~
value:	127		char:	
value:	128		char:	Ä
value:	129		char:	Å
value:	130		char:	Ç
value:	131		char:	É
value:	132		char:	Ñ
value:	133		char:	Ö
value:	134		char:	Ü
value:	135		char:	á
value:	136		char:	à
value:	137		char:	â
value:	138		char:	ä
value:	139		char:	ã
value:	140		char:	å
value:	141		char:	ç
value:	142		char:	é
value:	143		char:	è
value:	144		char:	ê
value:	145		char:	ë
value:	146		char:	í
value:	147		char:	ì
value:	148		char:	î
value:	149		char:	ï
value:	150		char:	ñ
value:	151		char:	ó
value:	152		char:	ò
value:	153		char:	ô
value:	154		char:	ö
value:	155		char:	õ
value:	156		char:	ú
value:	157		char:	ù
value:	158		char:	û
value:	159		char:	ü
value:	160		char:	†
value:	161		char:	°
value:	162		char:	¢
value:	163		char:	£
value:	164		char:	§
value:	165		char:	•
value:	166		char:	¶
value:	167		char:	ß
value:	168		char:	®
value:	169		char:	©
value:	170		char:	™
value:	171		char:	´
value:	172		char:	¨
value:	173		char:	≠
value:	174		char:	Æ
value:	175		char:	Ø
value:	176		char:	∞
value:	177		char:	±
value:	178		char:	≤
value:	179		char:	≥
value:	180		char:	¥
value:	181		char:	µ
value:	182		char:	∂
value:	183		char:	∑
value:	184		char:	∏
value:	185		char:	π
value:	186		char:	∫
value:	187		char:	ª
value:	188		char:	º
value:	189		char:	Ω
value:	190		char:	æ
value:	191		char:	ø
value:	192		char:	¿
value:	193		char:	¡
value:	194		char:	¬
value:	195		char:	√
value:	196		char:	ƒ
value:	197		char:	≈
value:	198		char:	∆
value:	199		char:	«
value:	200		char:	»
value:	201		char:	…
value:	202		char:	 
value:	203		char:	À
value:	204		char:	Ã
value:	205		char:	Õ
value:	206		char:	Œ
value:	207		char:	œ
value:	208		char:	–
value:	209		char:	—
value:	210		char:	“
value:	211		char:	”
value:	212		char:	‘
value:	213		char:	’
value:	214		char:	÷
value:	215		char:	◊
value:	216		char:	ÿ
value:	217		char:	Ÿ
value:	218		char:	⁄
value:	219		char:	€
value:	220		char:	‹
value:	221		char:	›
value:	222		char:	ﬁ
value:	223		char:	ﬂ
value:	224		char:	‡
value:	225		char:	·
value:	226		char:	‚
value:	227		char:	„
value:	228		char:	‰
value:	229		char:	Â
value:	230		char:	Ê
value:	231		char:	Á
value:	232		char:	Ë
value:	233		char:	È
value:	234		char:	Í
value:	235		char:	Î
value:	236		char:	Ï
value:	237		char:	Ì
value:	238		char:	Ó
value:	239		char:	Ô
value:	240		char:	
value:	241		char:	Ò
value:	242		char:	Ú
value:	243		char:	Û
value:	244		char:	Ù
value:	245		char:	ı
value:	246		char:	ˆ
value:	247		char:	˜
value:	248		char:	¯
value:	249		char:	˘
value:	250		char:	˙
value:	251		char:	˚
value:	252		char:	¸
value:	253		char:	˝
value:	254		char:	˛
value:	255		char:	ˇ
